生成启动时间为 2019-03-17  20:13:40。
     1>项目“F:\c_projects\tree_operate\tree_operate\tree_operate.vcxproj”在节点 2 上(build 个目标)。
     1>InitializeBuildStatus:
         正在创建“Debug\tree_operate.unsuccessfulbuild”，因为已指定“AlwaysCreate”。
       ClCompile:
         E:\Program Files (x86)\Microsoft Visual Studio 10.0\VC\bin\CL.exe /c /ZI /nologo /W3 /WX- /Od /Oy- /D WIN32 /D _DEBUG /D _CONSOLE /D _UNICODE /D UNICODE /Gm /EHsc /RTC1 /MDd /GS /fp:precise /Zc:wchar_t /Zc:forScope /Fo"Debug\\" /Fd"Debug\vc100.pdb" /Gd /TP /analyze- /errorReport:prompt tree_operate.cpp
         tree_operate.cpp
       ManifestResourceCompile:
         所有输出均为最新。
       Link:
         E:\Program Files (x86)\Microsoft Visual Studio 10.0\VC\bin\link.exe /ERRORREPORT:PROMPT /OUT:"F:\c_projects\tree_operate\Debug\tree_operate.exe" /INCREMENTAL /NOLOGO kernel32.lib user32.lib gdi32.lib winspool.lib comdlg32.lib advapi32.lib shell32.lib ole32.lib oleaut32.lib uuid.lib odbc32.lib odbccp32.lib /MANIFEST /ManifestFile:"Debug\tree_operate.exe.intermediate.manifest" /MANIFESTUAC:"level='asInvoker' uiAccess='false'" /DEBUG /PDB:"F:\c_projects\tree_operate\Debug\tree_operate.pdb" /SUBSYSTEM:CONSOLE /TLBID:1 /DYNAMICBASE /NXCOMPAT /IMPLIB:"F:\c_projects\tree_operate\Debug\tree_operate.lib" /MACHINE:X86 Debug\tree_operate.exe.embed.manifest.res
         Debug\tree_operate.obj
       Manifest:
         C:\Program Files (x86)\Microsoft SDKs\Windows\v7.0A\bin\mt.exe /nologo /verbose /out:"Debug\tree_operate.exe.embed.manifest" /manifest Debug\tree_operate.exe.intermediate.manifest
         所有输出均为最新。
       LinkEmbedManifest:
         所有输出均为最新。
         tree_operate.vcxproj -> F:\c_projects\tree_operate\Debug\tree_operate.exe
       FinalizeBuildStatus:
         正在删除文件“Debug\tree_operate.unsuccessfulbuild”。
         正在对“Debug\tree_operate.lastbuildstate”执行 Touch 任务。
     1>已完成生成项目“F:\c_projects\tree_operate\tree_operate\tree_operate.vcxproj”(build 个目标)的操作。

生成成功。

已用时间 00:00:01.07
